The target system is: Windows -  - 
The host system is: Linux - 4.14.6-1-ARCH - x86_64
Compiling the C compiler identification source file "CMakeCCompilerId.c" succeeded.
Compiler: /usr/bin/i686-w64-mingw32-gcc 
Build flags: 
Id flags:  

The output was:
0


Compilation of the C compiler identification source "CMakeCCompilerId.c" produced "a.exe"

The C compiler identification is GNU, found in "/home/hatf0/dev/rewritegamescripts/build/CMakeFiles/3.10.1/CompilerIdC/a.exe"

Compiling the CXX compiler identification source file "CMakeCXXCompilerId.cpp" succeeded.
Compiler: /usr/bin/i686-w64-mingw32-g++ 
Build flags: 
Id flags:  

The output was:
0


Compilation of the CXX compiler identification source "CMakeCXXCompilerId.cpp" produced "a.exe"

The CXX compiler identification is GNU, found in "/home/hatf0/dev/rewritegamescripts/build/CMakeFiles/3.10.1/CompilerIdCXX/a.exe"

Determining if the C compiler works passed with the following output:
Change Dir: /home/hatf0/dev/rewritegamescripts/build/CMakeFiles/CMakeTmp

Run Build Command:"/usr/bin/make" "cmTC_331c7/fast"
/usr/bin/make -f CMakeFiles/cmTC_331c7.dir/build.make CMakeFiles/cmTC_331c7.dir/build
make[1]: Entering directory '/home/hatf0/dev/rewritegamescripts/build/CMakeFiles/CMakeTmp'
Building C object CMakeFiles/cmTC_331c7.dir/testCCompiler.c.obj
/usr/bin/i686-w64-mingw32-gcc    -o CMakeFiles/cmTC_331c7.dir/testCCompiler.c.obj   -c /home/hatf0/dev/rewritegamescripts/build/CMakeFiles/CMakeTmp/testCCompiler.c
Linking C executable cmTC_331c7.exe
/usr/bin/cmake -E cmake_link_script CMakeFiles/cmTC_331c7.dir/link.txt --verbose=1
/usr/bin/cmake -E remove -f CMakeFiles/cmTC_331c7.dir/objects.a
/usr/bin/i686-w64-mingw32-ar cr CMakeFiles/cmTC_331c7.dir/objects.a @CMakeFiles/cmTC_331c7.dir/objects1.rsp
/usr/bin/i686-w64-mingw32-gcc      -Wl,--whole-archive CMakeFiles/cmTC_331c7.dir/objects.a -Wl,--no-whole-archive  -o cmTC_331c7.exe -Wl,--out-implib,libcmTC_331c7.dll.a -Wl,--major-image-version,0,--minor-image-version,0 @CMakeFiles/cmTC_331c7.dir/linklibs.rsp
make[1]: Leaving directory '/home/hatf0/dev/rewritegamescripts/build/CMakeFiles/CMakeTmp'


Detecting C compiler ABI info compiled with the following output:
Change Dir: /home/hatf0/dev/rewritegamescripts/build/CMakeFiles/CMakeTmp

Run Build Command:"/usr/bin/make" "cmTC_68848/fast"
/usr/bin/make -f CMakeFiles/cmTC_68848.dir/build.make CMakeFiles/cmTC_68848.dir/build
make[1]: Entering directory '/home/hatf0/dev/rewritegamescripts/build/CMakeFiles/CMakeTmp'
Building C object CMakeFiles/cmTC_68848.dir/CMakeCCompilerABI.c.obj
/usr/bin/i686-w64-mingw32-gcc    -o CMakeFiles/cmTC_68848.dir/CMakeCCompilerABI.c.obj   -c /usr/share/cmake-3.10/Modules/CMakeCCompilerABI.c
Linking C executable cmTC_68848.exe
/usr/bin/cmake -E cmake_link_script CMakeFiles/cmTC_68848.dir/link.txt --verbose=1
/usr/bin/cmake -E remove -f CMakeFiles/cmTC_68848.dir/objects.a
/usr/bin/i686-w64-mingw32-ar cr CMakeFiles/cmTC_68848.dir/objects.a @CMakeFiles/cmTC_68848.dir/objects1.rsp
/usr/bin/i686-w64-mingw32-gcc     -v -Wl,--whole-archive CMakeFiles/cmTC_68848.dir/objects.a -Wl,--no-whole-archive  -o cmTC_68848.exe -Wl,--out-implib,libcmTC_68848.dll.a -Wl,--major-image-version,0,--minor-image-version,0 
Using built-in specs.
COLLECT_GCC=/usr/bin/i686-w64-mingw32-gcc
COLLECT_LTO_WRAPPER=/usr/lib/gcc/i686-w64-mingw32/7.2.0/lto-wrapper
Target: i686-w64-mingw32
Configured with: /build/mingw-w64-gcc/src/gcc/configure --prefix=/usr --libexecdir=/usr/lib --target=i686-w64-mingw32 --enable-languages=c,lto,c++,objc,obj-c++,fortran,ada --enable-shared --enable-static --enable-threads=posix --enable-fully-dynamic-string --enable-libstdcxx-time=yes --with-system-zlib --enable-cloog-backend=isl --enable-lto --disable-dw2-exceptions --enable-libgomp --disable-multilib --enable-checking=release
Thread model: posix
gcc version 7.2.0 (GCC) 
COMPILER_PATH=/usr/lib/gcc/i686-w64-mingw32/7.2.0/:/usr/lib/gcc/i686-w64-mingw32/7.2.0/:/usr/lib/gcc/i686-w64-mingw32/:/usr/lib/gcc/i686-w64-mingw32/7.2.0/:/usr/lib/gcc/i686-w64-mingw32/:/usr/lib/gcc/i686-w64-mingw32/7.2.0/../../../../i686-w64-mingw32/bin/
LIBRARY_PATH=/usr/lib/gcc/i686-w64-mingw32/7.2.0/:/usr/lib/gcc/i686-w64-mingw32/7.2.0/../../../../i686-w64-mingw32/lib/../lib/:/usr/lib/gcc/i686-w64-mingw32/7.2.0/../../../../i686-w64-mingw32/lib/
COLLECT_GCC_OPTIONS='-v' '-o' 'cmTC_68848.exe' '-mtune=generic' '-march=pentiumpro'
 /usr/lib/gcc/i686-w64-mingw32/7.2.0/collect2 -plugin /usr/lib/gcc/i686-w64-mingw32/7.2.0/liblto_plugin.so -plugin-opt=/usr/lib/gcc/i686-w64-mingw32/7.2.0/lto-wrapper -plugin-opt=-fresolution=/tmp/cc8l1dK5.res -plugin-opt=-pass-through=-lmingw32 -plugin-opt=-pass-through=-lgcc -plugin-opt=-pass-through=-lgcc_eh -plugin-opt=-pass-through=-lmoldname -plugin-opt=-pass-through=-lmingwex -plugin-opt=-pass-through=-lmsvcrt -plugin-opt=-pass-through=-lpthread -plugin-opt=-pass-through=-ladvapi32 -plugin-opt=-pass-through=-lshell32 -plugin-opt=-pass-through=-luser32 -plugin-opt=-pass-through=-lkernel32 -plugin-opt=-pass-through=-lmingw32 -plugin-opt=-pass-through=-lgcc -plugin-opt=-pass-through=-lgcc_eh -plugin-opt=-pass-through=-lmoldname -plugin-opt=-pass-through=-lmingwex -plugin-opt=-pass-through=-lmsvcrt -m i386pe -Bdynamic -o cmTC_68848.exe /usr/lib/gcc/i686-w64-mingw32/7.2.0/../../../../i686-w64-mingw32/lib/../lib/crt2.o /usr/lib/gcc/i686-w64-mingw32/7.2.0/crtbegin.o -L/usr/lib/gcc/i686-w64-mingw32/7.2.0 -L/usr/lib/gcc/i686-w64-mingw32/7.2.0/../../../../i686-w64-mingw32/lib/../lib -L/usr/lib/gcc/i686-w64-mingw32/7.2.0/../../../../i686-w64-mingw32/lib --whole-archive CMakeFiles/cmTC_68848.dir/objects.a --no-whole-archive --out-implib libcmTC_68848.dll.a --major-image-version 0 --minor-image-version 0 -lmingw32 -lgcc -lgcc_eh -lmoldname -lmingwex -lmsvcrt -lpthread -ladvapi32 -lshell32 -luser32 -lkernel32 -lmingw32 -lgcc -lgcc_eh -lmoldname -lmingwex -lmsvcrt /usr/lib/gcc/i686-w64-mingw32/7.2.0/crtend.o
COLLECT_GCC_OPTIONS='-v' '-o' 'cmTC_68848.exe' '-mtune=generic' '-march=pentiumpro'
make[1]: Leaving directory '/home/hatf0/dev/rewritegamescripts/build/CMakeFiles/CMakeTmp'


Parsed C implicit link information from above output:
  link line regex: [^( *|.*[/\])(i686-w64-mingw32-ld|CMAKE_LINK_STARTFILE-NOTFOUND|([^/\]+-)?ld|collect2)[^/\]*( |$)]
  ignore line: [Change Dir: /home/hatf0/dev/rewritegamescripts/build/CMakeFiles/CMakeTmp]
  ignore line: []
  ignore line: [Run Build Command:"/usr/bin/make" "cmTC_68848/fast"]
  ignore line: [/usr/bin/make -f CMakeFiles/cmTC_68848.dir/build.make CMakeFiles/cmTC_68848.dir/build]
  ignore line: [make[1]: Entering directory '/home/hatf0/dev/rewritegamescripts/build/CMakeFiles/CMakeTmp']
  ignore line: [Building C object CMakeFiles/cmTC_68848.dir/CMakeCCompilerABI.c.obj]
  ignore line: [/usr/bin/i686-w64-mingw32-gcc    -o CMakeFiles/cmTC_68848.dir/CMakeCCompilerABI.c.obj   -c /usr/share/cmake-3.10/Modules/CMakeCCompilerABI.c]
  ignore line: [Linking C executable cmTC_68848.exe]
  ignore line: [/usr/bin/cmake -E cmake_link_script CMakeFiles/cmTC_68848.dir/link.txt --verbose=1]
  ignore line: [/usr/bin/cmake -E remove -f CMakeFiles/cmTC_68848.dir/objects.a]
  ignore line: [/usr/bin/i686-w64-mingw32-ar cr CMakeFiles/cmTC_68848.dir/objects.a @CMakeFiles/cmTC_68848.dir/objects1.rsp]
  ignore line: [/usr/bin/i686-w64-mingw32-gcc     -v -Wl,--whole-archive CMakeFiles/cmTC_68848.dir/objects.a -Wl,--no-whole-archive  -o cmTC_68848.exe -Wl,--out-implib,libcmTC_68848.dll.a -Wl,--major-image-version,0,--minor-image-version,0 ]
  ignore line: [Using built-in specs.]
  ignore line: [COLLECT_GCC=/usr/bin/i686-w64-mingw32-gcc]
  ignore line: [COLLECT_LTO_WRAPPER=/usr/lib/gcc/i686-w64-mingw32/7.2.0/lto-wrapper]
  ignore line: [Target: i686-w64-mingw32]
  ignore line: [Configured with: /build/mingw-w64-gcc/src/gcc/configure --prefix=/usr --libexecdir=/usr/lib --target=i686-w64-mingw32 --enable-languages=c,lto,c++,objc,obj-c++,fortran,ada --enable-shared --enable-static --enable-threads=posix --enable-fully-dynamic-string --enable-libstdcxx-time=yes --with-system-zlib --enable-cloog-backend=isl --enable-lto --disable-dw2-exceptions --enable-libgomp --disable-multilib --enable-checking=release]
  ignore line: [Thread model: posix]
  ignore line: [gcc version 7.2.0 (GCC) ]
  ignore line: [COMPILER_PATH=/usr/lib/gcc/i686-w64-mingw32/7.2.0/:/usr/lib/gcc/i686-w64-mingw32/7.2.0/:/usr/lib/gcc/i686-w64-mingw32/:/usr/lib/gcc/i686-w64-mingw32/7.2.0/:/usr/lib/gcc/i686-w64-mingw32/:/usr/lib/gcc/i686-w64-mingw32/7.2.0/../../../../i686-w64-mingw32/bin/]
  ignore line: [LIBRARY_PATH=/usr/lib/gcc/i686-w64-mingw32/7.2.0/:/usr/lib/gcc/i686-w64-mingw32/7.2.0/../../../../i686-w64-mingw32/lib/../lib/:/usr/lib/gcc/i686-w64-mingw32/7.2.0/../../../../i686-w64-mingw32/lib/]
  ignore line: [COLLECT_GCC_OPTIONS='-v' '-o' 'cmTC_68848.exe' '-mtune=generic' '-march=pentiumpro']
  link line: [ /usr/lib/gcc/i686-w64-mingw32/7.2.0/collect2 -plugin /usr/lib/gcc/i686-w64-mingw32/7.2.0/liblto_plugin.so -plugin-opt=/usr/lib/gcc/i686-w64-mingw32/7.2.0/lto-wrapper -plugin-opt=-fresolution=/tmp/cc8l1dK5.res -plugin-opt=-pass-through=-lmingw32 -plugin-opt=-pass-through=-lgcc -plugin-opt=-pass-through=-lgcc_eh -plugin-opt=-pass-through=-lmoldname -plugin-opt=-pass-through=-lmingwex -plugin-opt=-pass-through=-lmsvcrt -plugin-opt=-pass-through=-lpthread -plugin-opt=-pass-through=-ladvapi32 -plugin-opt=-pass-through=-lshell32 -plugin-opt=-pass-through=-luser32 -plugin-opt=-pass-through=-lkernel32 -plugin-opt=-pass-through=-lmingw32 -plugin-opt=-pass-through=-lgcc -plugin-opt=-pass-through=-lgcc_eh -plugin-opt=-pass-through=-lmoldname -plugin-opt=-pass-through=-lmingwex -plugin-opt=-pass-through=-lmsvcrt -m i386pe -Bdynamic -o cmTC_68848.exe /usr/lib/gcc/i686-w64-mingw32/7.2.0/../../../../i686-w64-mingw32/lib/../lib/crt2.o /usr/lib/gcc/i686-w64-mingw32/7.2.0/crtbegin.o -L/usr/lib/gcc/i686-w64-mingw32/7.2.0 -L/usr/lib/gcc/i686-w64-mingw32/7.2.0/../../../../i686-w64-mingw32/lib/../lib -L/usr/lib/gcc/i686-w64-mingw32/7.2.0/../../../../i686-w64-mingw32/lib --whole-archive CMakeFiles/cmTC_68848.dir/objects.a --no-whole-archive --out-implib libcmTC_68848.dll.a --major-image-version 0 --minor-image-version 0 -lmingw32 -lgcc -lgcc_eh -lmoldname -lmingwex -lmsvcrt -lpthread -ladvapi32 -lshell32 -luser32 -lkernel32 -lmingw32 -lgcc -lgcc_eh -lmoldname -lmingwex -lmsvcrt /usr/lib/gcc/i686-w64-mingw32/7.2.0/crtend.o]
    arg [/usr/lib/gcc/i686-w64-mingw32/7.2.0/collect2] ==> ignore
    arg [-plugin] ==> ignore
    arg [/usr/lib/gcc/i686-w64-mingw32/7.2.0/liblto_plugin.so] ==> ignore
    arg [-plugin-opt=/usr/lib/gcc/i686-w64-mingw32/7.2.0/lto-wrapper] ==> ignore
    arg [-plugin-opt=-fresolution=/tmp/cc8l1dK5.res] ==> ignore
    arg [-plugin-opt=-pass-through=-lmingw32] ==> ignore
    arg [-plugin-opt=-pass-through=-lgcc] ==> ignore
    arg [-plugin-opt=-pass-through=-lgcc_eh] ==> ignore
    arg [-plugin-opt=-pass-through=-lmoldname] ==> ignore
    arg [-plugin-opt=-pass-through=-lmingwex] ==> ignore
    arg [-plugin-opt=-pass-through=-lmsvcrt] ==> ignore
    arg [-plugin-opt=-pass-through=-lpthread] ==> ignore
    arg [-plugin-opt=-pass-through=-ladvapi32] ==> ignore
    arg [-plugin-opt=-pass-through=-lshell32] ==> ignore
    arg [-plugin-opt=-pass-through=-luser32] ==> ignore
    arg [-plugin-opt=-pass-through=-lkernel32] ==> ignore
    arg [-plugin-opt=-pass-through=-lmingw32] ==> ignore
    arg [-plugin-opt=-pass-through=-lgcc] ==> ignore
    arg [-plugin-opt=-pass-through=-lgcc_eh] ==> ignore
    arg [-plugin-opt=-pass-through=-lmoldname] ==> ignore
    arg [-plugin-opt=-pass-through=-lmingwex] ==> ignore
    arg [-plugin-opt=-pass-through=-lmsvcrt] ==> ignore
    arg [-m] ==> ignore
    arg [i386pe] ==> ignore
    arg [-Bdynamic] ==> ignore
    arg [-o] ==> ignore
    arg [cmTC_68848.exe] ==> ignore
    arg [/usr/lib/gcc/i686-w64-mingw32/7.2.0/../../../../i686-w64-mingw32/lib/../lib/crt2.o] ==> ignore
    arg [/usr/lib/gcc/i686-w64-mingw32/7.2.0/crtbegin.o] ==> ignore
    arg [-L/usr/lib/gcc/i686-w64-mingw32/7.2.0] ==> dir [/usr/lib/gcc/i686-w64-mingw32/7.2.0]
    arg [-L/usr/lib/gcc/i686-w64-mingw32/7.2.0/../../../../i686-w64-mingw32/lib/../lib] ==> dir [/usr/lib/gcc/i686-w64-mingw32/7.2.0/../../../../i686-w64-mingw32/lib/../lib]
    arg [-L/usr/lib/gcc/i686-w64-mingw32/7.2.0/../../../../i686-w64-mingw32/lib] ==> dir [/usr/lib/gcc/i686-w64-mingw32/7.2.0/../../../../i686-w64-mingw32/lib]
    arg [--whole-archive] ==> ignore
    arg [CMakeFiles/cmTC_68848.dir/objects.a] ==> ignore
    arg [--no-whole-archive] ==> ignore
    arg [--out-implib] ==> ignore
    arg [libcmTC_68848.dll.a] ==> ignore
    arg [--major-image-version] ==> ignore
    arg [0] ==> ignore
    arg [--minor-image-version] ==> ignore
    arg [0] ==> ignore
    arg [-lmingw32] ==> lib [mingw32]
    arg [-lgcc] ==> lib [gcc]
    arg [-lgcc_eh] ==> lib [gcc_eh]
    arg [-lmoldname] ==> lib [moldname]
    arg [-lmingwex] ==> lib [mingwex]
    arg [-lmsvcrt] ==> lib [msvcrt]
    arg [-lpthread] ==> lib [pthread]
    arg [-ladvapi32] ==> lib [advapi32]
    arg [-lshell32] ==> lib [shell32]
    arg [-luser32] ==> lib [user32]
    arg [-lkernel32] ==> lib [kernel32]
    arg [-lmingw32] ==> lib [mingw32]
    arg [-lgcc] ==> lib [gcc]
    arg [-lgcc_eh] ==> lib [gcc_eh]
    arg [-lmoldname] ==> lib [moldname]
    arg [-lmingwex] ==> lib [mingwex]
    arg [-lmsvcrt] ==> lib [msvcrt]
    arg [/usr/lib/gcc/i686-w64-mingw32/7.2.0/crtend.o] ==> ignore
  remove lib [gcc_eh]
  remove lib [msvcrt]
  remove lib [gcc_eh]
  remove lib [msvcrt]
  collapse library dir [/usr/lib/gcc/i686-w64-mingw32/7.2.0] ==> [/usr/lib/gcc/i686-w64-mingw32/7.2.0]
  collapse library dir [/usr/lib/gcc/i686-w64-mingw32/7.2.0/../../../../i686-w64-mingw32/lib/../lib] ==> [/usr/i686-w64-mingw32/lib]
  collapse library dir [/usr/lib/gcc/i686-w64-mingw32/7.2.0/../../../../i686-w64-mingw32/lib] ==> [/usr/i686-w64-mingw32/lib]
  implicit libs: [mingw32;gcc;moldname;mingwex;pthread;advapi32;shell32;user32;kernel32;mingw32;gcc;moldname;mingwex]
  implicit dirs: [/usr/lib/gcc/i686-w64-mingw32/7.2.0;/usr/i686-w64-mingw32/lib]
  implicit fwks: []




Detecting C [-std=c11] compiler features compiled with the following output:
Change Dir: /home/hatf0/dev/rewritegamescripts/build/CMakeFiles/CMakeTmp

Run Build Command:"/usr/bin/make" "cmTC_65533/fast"
/usr/bin/make -f CMakeFiles/cmTC_65533.dir/build.make CMakeFiles/cmTC_65533.dir/build
make[1]: Entering directory '/home/hatf0/dev/rewritegamescripts/build/CMakeFiles/CMakeTmp'
Building C object CMakeFiles/cmTC_65533.dir/feature_tests.c.obj
/usr/bin/i686-w64-mingw32-gcc   -std=c11 -o CMakeFiles/cmTC_65533.dir/feature_tests.c.obj   -c /home/hatf0/dev/rewritegamescripts/build/CMakeFiles/feature_tests.c
Linking C executable cmTC_65533.exe
/usr/bin/cmake -E cmake_link_script CMakeFiles/cmTC_65533.dir/link.txt --verbose=1
/usr/bin/cmake -E remove -f CMakeFiles/cmTC_65533.dir/objects.a
/usr/bin/i686-w64-mingw32-ar cr CMakeFiles/cmTC_65533.dir/objects.a @CMakeFiles/cmTC_65533.dir/objects1.rsp
/usr/bin/i686-w64-mingw32-gcc      -Wl,--whole-archive CMakeFiles/cmTC_65533.dir/objects.a -Wl,--no-whole-archive  -o cmTC_65533.exe -Wl,--out-implib,libcmTC_65533.dll.a -Wl,--major-image-version,0,--minor-image-version,0 @CMakeFiles/cmTC_65533.dir/linklibs.rsp
make[1]: Leaving directory '/home/hatf0/dev/rewritegamescripts/build/CMakeFiles/CMakeTmp'


    Feature record: C_FEATURE:1c_function_prototypes
    Feature record: C_FEATURE:1c_restrict
    Feature record: C_FEATURE:1c_static_assert
    Feature record: C_FEATURE:1c_variadic_macros


Detecting C [-std=c99] compiler features compiled with the following output:
Change Dir: /home/hatf0/dev/rewritegamescripts/build/CMakeFiles/CMakeTmp

Run Build Command:"/usr/bin/make" "cmTC_dd16f/fast"
/usr/bin/make -f CMakeFiles/cmTC_dd16f.dir/build.make CMakeFiles/cmTC_dd16f.dir/build
make[1]: Entering directory '/home/hatf0/dev/rewritegamescripts/build/CMakeFiles/CMakeTmp'
Building C object CMakeFiles/cmTC_dd16f.dir/feature_tests.c.obj
/usr/bin/i686-w64-mingw32-gcc   -std=c99 -o CMakeFiles/cmTC_dd16f.dir/feature_tests.c.obj   -c /home/hatf0/dev/rewritegamescripts/build/CMakeFiles/feature_tests.c
Linking C executable cmTC_dd16f.exe
/usr/bin/cmake -E cmake_link_script CMakeFiles/cmTC_dd16f.dir/link.txt --verbose=1
/usr/bin/cmake -E remove -f CMakeFiles/cmTC_dd16f.dir/objects.a
/usr/bin/i686-w64-mingw32-ar cr CMakeFiles/cmTC_dd16f.dir/objects.a @CMakeFiles/cmTC_dd16f.dir/objects1.rsp
/usr/bin/i686-w64-mingw32-gcc      -Wl,--whole-archive CMakeFiles/cmTC_dd16f.dir/objects.a -Wl,--no-whole-archive  -o cmTC_dd16f.exe -Wl,--out-implib,libcmTC_dd16f.dll.a -Wl,--major-image-version,0,--minor-image-version,0 @CMakeFiles/cmTC_dd16f.dir/linklibs.rsp
make[1]: Leaving directory '/home/hatf0/dev/rewritegamescripts/build/CMakeFiles/CMakeTmp'


    Feature record: C_FEATURE:1c_function_prototypes
    Feature record: C_FEATURE:1c_restrict
    Feature record: C_FEATURE:0c_static_assert
    Feature record: C_FEATURE:1c_variadic_macros


Detecting C [-std=c90] compiler features compiled with the following output:
Change Dir: /home/hatf0/dev/rewritegamescripts/build/CMakeFiles/CMakeTmp

Run Build Command:"/usr/bin/make" "cmTC_1f534/fast"
/usr/bin/make -f CMakeFiles/cmTC_1f534.dir/build.make CMakeFiles/cmTC_1f534.dir/build
make[1]: Entering directory '/home/hatf0/dev/rewritegamescripts/build/CMakeFiles/CMakeTmp'
Building C object CMakeFiles/cmTC_1f534.dir/feature_tests.c.obj
/usr/bin/i686-w64-mingw32-gcc   -std=c90 -o CMakeFiles/cmTC_1f534.dir/feature_tests.c.obj   -c /home/hatf0/dev/rewritegamescripts/build/CMakeFiles/feature_tests.c
Linking C executable cmTC_1f534.exe
/usr/bin/cmake -E cmake_link_script CMakeFiles/cmTC_1f534.dir/link.txt --verbose=1
/usr/bin/cmake -E remove -f CMakeFiles/cmTC_1f534.dir/objects.a
/usr/bin/i686-w64-mingw32-ar cr CMakeFiles/cmTC_1f534.dir/objects.a @CMakeFiles/cmTC_1f534.dir/objects1.rsp
/usr/bin/i686-w64-mingw32-gcc      -Wl,--whole-archive CMakeFiles/cmTC_1f534.dir/objects.a -Wl,--no-whole-archive  -o cmTC_1f534.exe -Wl,--out-implib,libcmTC_1f534.dll.a -Wl,--major-image-version,0,--minor-image-version,0 @CMakeFiles/cmTC_1f534.dir/linklibs.rsp
make[1]: Leaving directory '/home/hatf0/dev/rewritegamescripts/build/CMakeFiles/CMakeTmp'


    Feature record: C_FEATURE:1c_function_prototypes
    Feature record: C_FEATURE:0c_restrict
    Feature record: C_FEATURE:0c_static_assert
    Feature record: C_FEATURE:0c_variadic_macros
Determining if the CXX compiler works passed with the following output:
Change Dir: /home/hatf0/dev/rewritegamescripts/build/CMakeFiles/CMakeTmp

Run Build Command:"/usr/bin/make" "cmTC_a51b7/fast"
/usr/bin/make -f CMakeFiles/cmTC_a51b7.dir/build.make CMakeFiles/cmTC_a51b7.dir/build
make[1]: Entering directory '/home/hatf0/dev/rewritegamescripts/build/CMakeFiles/CMakeTmp'
Building CXX object CMakeFiles/cmTC_a51b7.dir/testCXXCompiler.cxx.obj
/usr/bin/i686-w64-mingw32-g++     -o CMakeFiles/cmTC_a51b7.dir/testCXXCompiler.cxx.obj -c /home/hatf0/dev/rewritegamescripts/build/CMakeFiles/CMakeTmp/testCXXCompiler.cxx
Linking CXX executable cmTC_a51b7.exe
/usr/bin/cmake -E cmake_link_script CMakeFiles/cmTC_a51b7.dir/link.txt --verbose=1
/usr/bin/cmake -E remove -f CMakeFiles/cmTC_a51b7.dir/objects.a
/usr/bin/i686-w64-mingw32-ar cr CMakeFiles/cmTC_a51b7.dir/objects.a @CMakeFiles/cmTC_a51b7.dir/objects1.rsp
/usr/bin/i686-w64-mingw32-g++      -Wl,--whole-archive CMakeFiles/cmTC_a51b7.dir/objects.a -Wl,--no-whole-archive  -o cmTC_a51b7.exe -Wl,--out-implib,libcmTC_a51b7.dll.a -Wl,--major-image-version,0,--minor-image-version,0 @CMakeFiles/cmTC_a51b7.dir/linklibs.rsp
make[1]: Leaving directory '/home/hatf0/dev/rewritegamescripts/build/CMakeFiles/CMakeTmp'


Detecting CXX compiler ABI info compiled with the following output:
Change Dir: /home/hatf0/dev/rewritegamescripts/build/CMakeFiles/CMakeTmp

Run Build Command:"/usr/bin/make" "cmTC_9c6ef/fast"
/usr/bin/make -f CMakeFiles/cmTC_9c6ef.dir/build.make CMakeFiles/cmTC_9c6ef.dir/build
make[1]: Entering directory '/home/hatf0/dev/rewritegamescripts/build/CMakeFiles/CMakeTmp'
Building CXX object CMakeFiles/cmTC_9c6ef.dir/CMakeCXXCompilerABI.cpp.obj
/usr/bin/i686-w64-mingw32-g++     -o CMakeFiles/cmTC_9c6ef.dir/CMakeCXXCompilerABI.cpp.obj -c /usr/share/cmake-3.10/Modules/CMakeCXXCompilerABI.cpp
Linking CXX executable cmTC_9c6ef.exe
/usr/bin/cmake -E cmake_link_script CMakeFiles/cmTC_9c6ef.dir/link.txt --verbose=1
/usr/bin/cmake -E remove -f CMakeFiles/cmTC_9c6ef.dir/objects.a
/usr/bin/i686-w64-mingw32-ar cr CMakeFiles/cmTC_9c6ef.dir/objects.a @CMakeFiles/cmTC_9c6ef.dir/objects1.rsp
/usr/bin/i686-w64-mingw32-g++     -v -Wl,--whole-archive CMakeFiles/cmTC_9c6ef.dir/objects.a -Wl,--no-whole-archive  -o cmTC_9c6ef.exe -Wl,--out-implib,libcmTC_9c6ef.dll.a -Wl,--major-image-version,0,--minor-image-version,0 
Using built-in specs.
COLLECT_GCC=/usr/bin/i686-w64-mingw32-g++
COLLECT_LTO_WRAPPER=/usr/lib/gcc/i686-w64-mingw32/7.2.0/lto-wrapper
Target: i686-w64-mingw32
Configured with: /build/mingw-w64-gcc/src/gcc/configure --prefix=/usr --libexecdir=/usr/lib --target=i686-w64-mingw32 --enable-languages=c,lto,c++,objc,obj-c++,fortran,ada --enable-shared --enable-static --enable-threads=posix --enable-fully-dynamic-string --enable-libstdcxx-time=yes --with-system-zlib --enable-cloog-backend=isl --enable-lto --disable-dw2-exceptions --enable-libgomp --disable-multilib --enable-checking=release
Thread model: posix
gcc version 7.2.0 (GCC) 
COMPILER_PATH=/usr/lib/gcc/i686-w64-mingw32/7.2.0/:/usr/lib/gcc/i686-w64-mingw32/7.2.0/:/usr/lib/gcc/i686-w64-mingw32/:/usr/lib/gcc/i686-w64-mingw32/7.2.0/:/usr/lib/gcc/i686-w64-mingw32/:/usr/lib/gcc/i686-w64-mingw32/7.2.0/../../../../i686-w64-mingw32/bin/
LIBRARY_PATH=/usr/lib/gcc/i686-w64-mingw32/7.2.0/:/usr/lib/gcc/i686-w64-mingw32/7.2.0/../../../../i686-w64-mingw32/lib/../lib/:/usr/lib/gcc/i686-w64-mingw32/7.2.0/../../../../i686-w64-mingw32/lib/
COLLECT_GCC_OPTIONS='-v' '-o' 'cmTC_9c6ef.exe' '-shared-libgcc' '-mtune=generic' '-march=pentiumpro'
 /usr/lib/gcc/i686-w64-mingw32/7.2.0/collect2 -plugin /usr/lib/gcc/i686-w64-mingw32/7.2.0/liblto_plugin.so -plugin-opt=/usr/lib/gcc/i686-w64-mingw32/7.2.0/lto-wrapper -plugin-opt=-fresolution=/tmp/cc5QLx8R.res -plugin-opt=-pass-through=-lmingw32 -plugin-opt=-pass-through=-lgcc_s -plugin-opt=-pass-through=-lgcc -plugin-opt=-pass-through=-lmoldname -plugin-opt=-pass-through=-lmingwex -plugin-opt=-pass-through=-lmsvcrt -plugin-opt=-pass-through=-lpthread -plugin-opt=-pass-through=-ladvapi32 -plugin-opt=-pass-through=-lshell32 -plugin-opt=-pass-through=-luser32 -plugin-opt=-pass-through=-lkernel32 -plugin-opt=-pass-through=-lmingw32 -plugin-opt=-pass-through=-lgcc_s -plugin-opt=-pass-through=-lgcc -plugin-opt=-pass-through=-lmoldname -plugin-opt=-pass-through=-lmingwex -plugin-opt=-pass-through=-lmsvcrt -m i386pe -Bdynamic -o cmTC_9c6ef.exe /usr/lib/gcc/i686-w64-mingw32/7.2.0/../../../../i686-w64-mingw32/lib/../lib/crt2.o /usr/lib/gcc/i686-w64-mingw32/7.2.0/crtbegin.o -L/usr/lib/gcc/i686-w64-mingw32/7.2.0 -L/usr/lib/gcc/i686-w64-mingw32/7.2.0/../../../../i686-w64-mingw32/lib/../lib -L/usr/lib/gcc/i686-w64-mingw32/7.2.0/../../../../i686-w64-mingw32/lib --whole-archive CMakeFiles/cmTC_9c6ef.dir/objects.a --no-whole-archive --out-implib libcmTC_9c6ef.dll.a --major-image-version 0 --minor-image-version 0 -lstdc++ -lmingw32 -lgcc_s -lgcc -lmoldname -lmingwex -lmsvcrt -lpthread -ladvapi32 -lshell32 -luser32 -lkernel32 -lmingw32 -lgcc_s -lgcc -lmoldname -lmingwex -lmsvcrt /usr/lib/gcc/i686-w64-mingw32/7.2.0/crtend.o
COLLECT_GCC_OPTIONS='-v' '-o' 'cmTC_9c6ef.exe' '-shared-libgcc' '-mtune=generic' '-march=pentiumpro'
make[1]: Leaving directory '/home/hatf0/dev/rewritegamescripts/build/CMakeFiles/CMakeTmp'


Parsed CXX implicit link information from above output:
  link line regex: [^( *|.*[/\])(i686-w64-mingw32-ld|CMAKE_LINK_STARTFILE-NOTFOUND|([^/\]+-)?ld|collect2)[^/\]*( |$)]
  ignore line: [Change Dir: /home/hatf0/dev/rewritegamescripts/build/CMakeFiles/CMakeTmp]
  ignore line: []
  ignore line: [Run Build Command:"/usr/bin/make" "cmTC_9c6ef/fast"]
  ignore line: [/usr/bin/make -f CMakeFiles/cmTC_9c6ef.dir/build.make CMakeFiles/cmTC_9c6ef.dir/build]
  ignore line: [make[1]: Entering directory '/home/hatf0/dev/rewritegamescripts/build/CMakeFiles/CMakeTmp']
  ignore line: [Building CXX object CMakeFiles/cmTC_9c6ef.dir/CMakeCXXCompilerABI.cpp.obj]
  ignore line: [/usr/bin/i686-w64-mingw32-g++     -o CMakeFiles/cmTC_9c6ef.dir/CMakeCXXCompilerABI.cpp.obj -c /usr/share/cmake-3.10/Modules/CMakeCXXCompilerABI.cpp]
  ignore line: [Linking CXX executable cmTC_9c6ef.exe]
  ignore line: [/usr/bin/cmake -E cmake_link_script CMakeFiles/cmTC_9c6ef.dir/link.txt --verbose=1]
  ignore line: [/usr/bin/cmake -E remove -f CMakeFiles/cmTC_9c6ef.dir/objects.a]
  ignore line: [/usr/bin/i686-w64-mingw32-ar cr CMakeFiles/cmTC_9c6ef.dir/objects.a @CMakeFiles/cmTC_9c6ef.dir/objects1.rsp]
  ignore line: [/usr/bin/i686-w64-mingw32-g++     -v -Wl,--whole-archive CMakeFiles/cmTC_9c6ef.dir/objects.a -Wl,--no-whole-archive  -o cmTC_9c6ef.exe -Wl,--out-implib,libcmTC_9c6ef.dll.a -Wl,--major-image-version,0,--minor-image-version,0 ]
  ignore line: [Using built-in specs.]
  ignore line: [COLLECT_GCC=/usr/bin/i686-w64-mingw32-g++]
  ignore line: [COLLECT_LTO_WRAPPER=/usr/lib/gcc/i686-w64-mingw32/7.2.0/lto-wrapper]
  ignore line: [Target: i686-w64-mingw32]
  ignore line: [Configured with: /build/mingw-w64-gcc/src/gcc/configure --prefix=/usr --libexecdir=/usr/lib --target=i686-w64-mingw32 --enable-languages=c,lto,c++,objc,obj-c++,fortran,ada --enable-shared --enable-static --enable-threads=posix --enable-fully-dynamic-string --enable-libstdcxx-time=yes --with-system-zlib --enable-cloog-backend=isl --enable-lto --disable-dw2-exceptions --enable-libgomp --disable-multilib --enable-checking=release]
  ignore line: [Thread model: posix]
  ignore line: [gcc version 7.2.0 (GCC) ]
  ignore line: [COMPILER_PATH=/usr/lib/gcc/i686-w64-mingw32/7.2.0/:/usr/lib/gcc/i686-w64-mingw32/7.2.0/:/usr/lib/gcc/i686-w64-mingw32/:/usr/lib/gcc/i686-w64-mingw32/7.2.0/:/usr/lib/gcc/i686-w64-mingw32/:/usr/lib/gcc/i686-w64-mingw32/7.2.0/../../../../i686-w64-mingw32/bin/]
  ignore line: [LIBRARY_PATH=/usr/lib/gcc/i686-w64-mingw32/7.2.0/:/usr/lib/gcc/i686-w64-mingw32/7.2.0/../../../../i686-w64-mingw32/lib/../lib/:/usr/lib/gcc/i686-w64-mingw32/7.2.0/../../../../i686-w64-mingw32/lib/]
  ignore line: [COLLECT_GCC_OPTIONS='-v' '-o' 'cmTC_9c6ef.exe' '-shared-libgcc' '-mtune=generic' '-march=pentiumpro']
  link line: [ /usr/lib/gcc/i686-w64-mingw32/7.2.0/collect2 -plugin /usr/lib/gcc/i686-w64-mingw32/7.2.0/liblto_plugin.so -plugin-opt=/usr/lib/gcc/i686-w64-mingw32/7.2.0/lto-wrapper -plugin-opt=-fresolution=/tmp/cc5QLx8R.res -plugin-opt=-pass-through=-lmingw32 -plugin-opt=-pass-through=-lgcc_s -plugin-opt=-pass-through=-lgcc -plugin-opt=-pass-through=-lmoldname -plugin-opt=-pass-through=-lmingwex -plugin-opt=-pass-through=-lmsvcrt -plugin-opt=-pass-through=-lpthread -plugin-opt=-pass-through=-ladvapi32 -plugin-opt=-pass-through=-lshell32 -plugin-opt=-pass-through=-luser32 -plugin-opt=-pass-through=-lkernel32 -plugin-opt=-pass-through=-lmingw32 -plugin-opt=-pass-through=-lgcc_s -plugin-opt=-pass-through=-lgcc -plugin-opt=-pass-through=-lmoldname -plugin-opt=-pass-through=-lmingwex -plugin-opt=-pass-through=-lmsvcrt -m i386pe -Bdynamic -o cmTC_9c6ef.exe /usr/lib/gcc/i686-w64-mingw32/7.2.0/../../../../i686-w64-mingw32/lib/../lib/crt2.o /usr/lib/gcc/i686-w64-mingw32/7.2.0/crtbegin.o -L/usr/lib/gcc/i686-w64-mingw32/7.2.0 -L/usr/lib/gcc/i686-w64-mingw32/7.2.0/../../../../i686-w64-mingw32/lib/../lib -L/usr/lib/gcc/i686-w64-mingw32/7.2.0/../../../../i686-w64-mingw32/lib --whole-archive CMakeFiles/cmTC_9c6ef.dir/objects.a --no-whole-archive --out-implib libcmTC_9c6ef.dll.a --major-image-version 0 --minor-image-version 0 -lstdc++ -lmingw32 -lgcc_s -lgcc -lmoldname -lmingwex -lmsvcrt -lpthread -ladvapi32 -lshell32 -luser32 -lkernel32 -lmingw32 -lgcc_s -lgcc -lmoldname -lmingwex -lmsvcrt /usr/lib/gcc/i686-w64-mingw32/7.2.0/crtend.o]
    arg [/usr/lib/gcc/i686-w64-mingw32/7.2.0/collect2] ==> ignore
    arg [-plugin] ==> ignore
    arg [/usr/lib/gcc/i686-w64-mingw32/7.2.0/liblto_plugin.so] ==> ignore
    arg [-plugin-opt=/usr/lib/gcc/i686-w64-mingw32/7.2.0/lto-wrapper] ==> ignore
    arg [-plugin-opt=-fresolution=/tmp/cc5QLx8R.res] ==> ignore
    arg [-plugin-opt=-pass-through=-lmingw32] ==> ignore
    arg [-plugin-opt=-pass-through=-lgcc_s] ==> ignore
    arg [-plugin-opt=-pass-through=-lgcc] ==> ignore
    arg [-plugin-opt=-pass-through=-lmoldname] ==> ignore
    arg [-plugin-opt=-pass-through=-lmingwex] ==> ignore
    arg [-plugin-opt=-pass-through=-lmsvcrt] ==> ignore
    arg [-plugin-opt=-pass-through=-lpthread] ==> ignore
    arg [-plugin-opt=-pass-through=-ladvapi32] ==> ignore
    arg [-plugin-opt=-pass-through=-lshell32] ==> ignore
    arg [-plugin-opt=-pass-through=-luser32] ==> ignore
    arg [-plugin-opt=-pass-through=-lkernel32] ==> ignore
    arg [-plugin-opt=-pass-through=-lmingw32] ==> ignore
    arg [-plugin-opt=-pass-through=-lgcc_s] ==> ignore
    arg [-plugin-opt=-pass-through=-lgcc] ==> ignore
    arg [-plugin-opt=-pass-through=-lmoldname] ==> ignore
    arg [-plugin-opt=-pass-through=-lmingwex] ==> ignore
    arg [-plugin-opt=-pass-through=-lmsvcrt] ==> ignore
    arg [-m] ==> ignore
    arg [i386pe] ==> ignore
    arg [-Bdynamic] ==> ignore
    arg [-o] ==> ignore
    arg [cmTC_9c6ef.exe] ==> ignore
    arg [/usr/lib/gcc/i686-w64-mingw32/7.2.0/../../../../i686-w64-mingw32/lib/../lib/crt2.o] ==> ignore
    arg [/usr/lib/gcc/i686-w64-mingw32/7.2.0/crtbegin.o] ==> ignore
    arg [-L/usr/lib/gcc/i686-w64-mingw32/7.2.0] ==> dir [/usr/lib/gcc/i686-w64-mingw32/7.2.0]
    arg [-L/usr/lib/gcc/i686-w64-mingw32/7.2.0/../../../../i686-w64-mingw32/lib/../lib] ==> dir [/usr/lib/gcc/i686-w64-mingw32/7.2.0/../../../../i686-w64-mingw32/lib/../lib]
    arg [-L/usr/lib/gcc/i686-w64-mingw32/7.2.0/../../../../i686-w64-mingw32/lib] ==> dir [/usr/lib/gcc/i686-w64-mingw32/7.2.0/../../../../i686-w64-mingw32/lib]
    arg [--whole-archive] ==> ignore
    arg [CMakeFiles/cmTC_9c6ef.dir/objects.a] ==> ignore
    arg [--no-whole-archive] ==> ignore
    arg [--out-implib] ==> ignore
    arg [libcmTC_9c6ef.dll.a] ==> ignore
    arg [--major-image-version] ==> ignore
    arg [0] ==> ignore
    arg [--minor-image-version] ==> ignore
    arg [0] ==> ignore
    arg [-lstdc++] ==> lib [stdc++]
    arg [-lmingw32] ==> lib [mingw32]
    arg [-lgcc_s] ==> lib [gcc_s]
    arg [-lgcc] ==> lib [gcc]
    arg [-lmoldname] ==> lib [moldname]
    arg [-lmingwex] ==> lib [mingwex]
    arg [-lmsvcrt] ==> lib [msvcrt]
    arg [-lpthread] ==> lib [pthread]
    arg [-ladvapi32] ==> lib [advapi32]
    arg [-lshell32] ==> lib [shell32]
    arg [-luser32] ==> lib [user32]
    arg [-lkernel32] ==> lib [kernel32]
    arg [-lmingw32] ==> lib [mingw32]
    arg [-lgcc_s] ==> lib [gcc_s]
    arg [-lgcc] ==> lib [gcc]
    arg [-lmoldname] ==> lib [moldname]
    arg [-lmingwex] ==> lib [mingwex]
    arg [-lmsvcrt] ==> lib [msvcrt]
    arg [/usr/lib/gcc/i686-w64-mingw32/7.2.0/crtend.o] ==> ignore
  remove lib [msvcrt]
  remove lib [msvcrt]
  collapse library dir [/usr/lib/gcc/i686-w64-mingw32/7.2.0] ==> [/usr/lib/gcc/i686-w64-mingw32/7.2.0]
  collapse library dir [/usr/lib/gcc/i686-w64-mingw32/7.2.0/../../../../i686-w64-mingw32/lib/../lib] ==> [/usr/i686-w64-mingw32/lib]
  collapse library dir [/usr/lib/gcc/i686-w64-mingw32/7.2.0/../../../../i686-w64-mingw32/lib] ==> [/usr/i686-w64-mingw32/lib]
  implicit libs: [stdc++;mingw32;gcc_s;gcc;moldname;mingwex;pthread;advapi32;shell32;user32;kernel32;mingw32;gcc_s;gcc;moldname;mingwex]
  implicit dirs: [/usr/lib/gcc/i686-w64-mingw32/7.2.0;/usr/i686-w64-mingw32/lib]
  implicit fwks: []




Detecting CXX [-std=c++1z] compiler features compiled with the following output:
Change Dir: /home/hatf0/dev/rewritegamescripts/build/CMakeFiles/CMakeTmp

Run Build Command:"/usr/bin/make" "cmTC_3b762/fast"
/usr/bin/make -f CMakeFiles/cmTC_3b762.dir/build.make CMakeFiles/cmTC_3b762.dir/build
make[1]: Entering directory '/home/hatf0/dev/rewritegamescripts/build/CMakeFiles/CMakeTmp'
Building CXX object CMakeFiles/cmTC_3b762.dir/feature_tests.cxx.obj
/usr/bin/i686-w64-mingw32-g++    -std=c++1z -o CMakeFiles/cmTC_3b762.dir/feature_tests.cxx.obj -c /home/hatf0/dev/rewritegamescripts/build/CMakeFiles/feature_tests.cxx
Linking CXX executable cmTC_3b762.exe
/usr/bin/cmake -E cmake_link_script CMakeFiles/cmTC_3b762.dir/link.txt --verbose=1
/usr/bin/cmake -E remove -f CMakeFiles/cmTC_3b762.dir/objects.a
/usr/bin/i686-w64-mingw32-ar cr CMakeFiles/cmTC_3b762.dir/objects.a @CMakeFiles/cmTC_3b762.dir/objects1.rsp
/usr/bin/i686-w64-mingw32-g++      -Wl,--whole-archive CMakeFiles/cmTC_3b762.dir/objects.a -Wl,--no-whole-archive  -o cmTC_3b762.exe -Wl,--out-implib,libcmTC_3b762.dll.a -Wl,--major-image-version,0,--minor-image-version,0 @CMakeFiles/cmTC_3b762.dir/linklibs.rsp
make[1]: Leaving directory '/home/hatf0/dev/rewritegamescripts/build/CMakeFiles/CMakeTmp'


    Feature record: CXX_FEATURE:1cxx_aggregate_default_initializers
    Feature record: CXX_FEATURE:1cxx_alias_templates
    Feature record: CXX_FEATURE:1cxx_alignas
    Feature record: CXX_FEATURE:1cxx_alignof
    Feature record: CXX_FEATURE:1cxx_attributes
    Feature record: CXX_FEATURE:1cxx_attribute_deprecated
    Feature record: CXX_FEATURE:1cxx_auto_type
    Feature record: CXX_FEATURE:1cxx_binary_literals
    Feature record: CXX_FEATURE:1cxx_constexpr
    Feature record: CXX_FEATURE:1cxx_contextual_conversions
    Feature record: CXX_FEATURE:1cxx_decltype
    Feature record: CXX_FEATURE:1cxx_decltype_auto
    Feature record: CXX_FEATURE:1cxx_decltype_incomplete_return_types
    Feature record: CXX_FEATURE:1cxx_default_function_template_args
    Feature record: CXX_FEATURE:1cxx_defaulted_functions
    Feature record: CXX_FEATURE:1cxx_defaulted_move_initializers
    Feature record: CXX_FEATURE:1cxx_delegating_constructors
    Feature record: CXX_FEATURE:1cxx_deleted_functions
    Feature record: CXX_FEATURE:1cxx_digit_separators
    Feature record: CXX_FEATURE:1cxx_enum_forward_declarations
    Feature record: CXX_FEATURE:1cxx_explicit_conversions
    Feature record: CXX_FEATURE:1cxx_extended_friend_declarations
    Feature record: CXX_FEATURE:1cxx_extern_templates
    Feature record: CXX_FEATURE:1cxx_final
    Feature record: CXX_FEATURE:1cxx_func_identifier
    Feature record: CXX_FEATURE:1cxx_generalized_initializers
    Feature record: CXX_FEATURE:1cxx_generic_lambdas
    Feature record: CXX_FEATURE:1cxx_inheriting_constructors
    Feature record: CXX_FEATURE:1cxx_inline_namespaces
    Feature record: CXX_FEATURE:1cxx_lambdas
    Feature record: CXX_FEATURE:1cxx_lambda_init_captures
    Feature record: CXX_FEATURE:1cxx_local_type_template_args
    Feature record: CXX_FEATURE:1cxx_long_long_type
    Feature record: CXX_FEATURE:1cxx_noexcept
    Feature record: CXX_FEATURE:1cxx_nonstatic_member_init
    Feature record: CXX_FEATURE:1cxx_nullptr
    Feature record: CXX_FEATURE:1cxx_override
    Feature record: CXX_FEATURE:1cxx_range_for
    Feature record: CXX_FEATURE:1cxx_raw_string_literals
    Feature record: CXX_FEATURE:1cxx_reference_qualified_functions
    Feature record: CXX_FEATURE:1cxx_relaxed_constexpr
    Feature record: CXX_FEATURE:1cxx_return_type_deduction
    Feature record: CXX_FEATURE:1cxx_right_angle_brackets
    Feature record: CXX_FEATURE:1cxx_rvalue_references
    Feature record: CXX_FEATURE:1cxx_sizeof_member
    Feature record: CXX_FEATURE:1cxx_static_assert
    Feature record: CXX_FEATURE:1cxx_strong_enums
    Feature record: CXX_FEATURE:1cxx_template_template_parameters
    Feature record: CXX_FEATURE:1cxx_thread_local
    Feature record: CXX_FEATURE:1cxx_trailing_return_types
    Feature record: CXX_FEATURE:1cxx_unicode_literals
    Feature record: CXX_FEATURE:1cxx_uniform_initialization
    Feature record: CXX_FEATURE:1cxx_unrestricted_unions
    Feature record: CXX_FEATURE:1cxx_user_literals
    Feature record: CXX_FEATURE:1cxx_variable_templates
    Feature record: CXX_FEATURE:1cxx_variadic_macros
    Feature record: CXX_FEATURE:1cxx_variadic_templates


Detecting CXX [-std=c++14] compiler features compiled with the following output:
Change Dir: /home/hatf0/dev/rewritegamescripts/build/CMakeFiles/CMakeTmp

Run Build Command:"/usr/bin/make" "cmTC_133da/fast"
/usr/bin/make -f CMakeFiles/cmTC_133da.dir/build.make CMakeFiles/cmTC_133da.dir/build
make[1]: Entering directory '/home/hatf0/dev/rewritegamescripts/build/CMakeFiles/CMakeTmp'
Building CXX object CMakeFiles/cmTC_133da.dir/feature_tests.cxx.obj
/usr/bin/i686-w64-mingw32-g++    -std=c++14 -o CMakeFiles/cmTC_133da.dir/feature_tests.cxx.obj -c /home/hatf0/dev/rewritegamescripts/build/CMakeFiles/feature_tests.cxx
Linking CXX executable cmTC_133da.exe
/usr/bin/cmake -E cmake_link_script CMakeFiles/cmTC_133da.dir/link.txt --verbose=1
/usr/bin/cmake -E remove -f CMakeFiles/cmTC_133da.dir/objects.a
/usr/bin/i686-w64-mingw32-ar cr CMakeFiles/cmTC_133da.dir/objects.a @CMakeFiles/cmTC_133da.dir/objects1.rsp
/usr/bin/i686-w64-mingw32-g++      -Wl,--whole-archive CMakeFiles/cmTC_133da.dir/objects.a -Wl,--no-whole-archive  -o cmTC_133da.exe -Wl,--out-implib,libcmTC_133da.dll.a -Wl,--major-image-version,0,--minor-image-version,0 @CMakeFiles/cmTC_133da.dir/linklibs.rsp
make[1]: Leaving directory '/home/hatf0/dev/rewritegamescripts/build/CMakeFiles/CMakeTmp'


    Feature record: CXX_FEATURE:1cxx_aggregate_default_initializers
    Feature record: CXX_FEATURE:1cxx_alias_templates
    Feature record: CXX_FEATURE:1cxx_alignas
    Feature record: CXX_FEATURE:1cxx_alignof
    Feature record: CXX_FEATURE:1cxx_attributes
    Feature record: CXX_FEATURE:1cxx_attribute_deprecated
    Feature record: CXX_FEATURE:1cxx_auto_type
    Feature record: CXX_FEATURE:1cxx_binary_literals
    Feature record: CXX_FEATURE:1cxx_constexpr
    Feature record: CXX_FEATURE:1cxx_contextual_conversions
    Feature record: CXX_FEATURE:1cxx_decltype
    Feature record: CXX_FEATURE:1cxx_decltype_auto
    Feature record: CXX_FEATURE:1cxx_decltype_incomplete_return_types
    Feature record: CXX_FEATURE:1cxx_default_function_template_args
    Feature record: CXX_FEATURE:1cxx_defaulted_functions
    Feature record: CXX_FEATURE:1cxx_defaulted_move_initializers
    Feature record: CXX_FEATURE:1cxx_delegating_constructors
    Feature record: CXX_FEATURE:1cxx_deleted_functions
    Feature record: CXX_FEATURE:1cxx_digit_separators
    Feature record: CXX_FEATURE:1cxx_enum_forward_declarations
    Feature record: CXX_FEATURE:1cxx_explicit_conversions
    Feature record: CXX_FEATURE:1cxx_extended_friend_declarations
    Feature record: CXX_FEATURE:1cxx_extern_templates
    Feature record: CXX_FEATURE:1cxx_final
    Feature record: CXX_FEATURE:1cxx_func_identifier
    Feature record: CXX_FEATURE:1cxx_generalized_initializers
    Feature record: CXX_FEATURE:1cxx_generic_lambdas
    Feature record: CXX_FEATURE:1cxx_inheriting_constructors
    Feature record: CXX_FEATURE:1cxx_inline_namespaces
    Feature record: CXX_FEATURE:1cxx_lambdas
    Feature record: CXX_FEATURE:1cxx_lambda_init_captures
    Feature record: CXX_FEATURE:1cxx_local_type_template_args
    Feature record: CXX_FEATURE:1cxx_long_long_type
    Feature record: CXX_FEATURE:1cxx_noexcept
    Feature record: CXX_FEATURE:1cxx_nonstatic_member_init
    Feature record: CXX_FEATURE:1cxx_nullptr
    Feature record: CXX_FEATURE:1cxx_override
    Feature record: CXX_FEATURE:1cxx_range_for
    Feature record: CXX_FEATURE:1cxx_raw_string_literals
    Feature record: CXX_FEATURE:1cxx_reference_qualified_functions
    Feature record: CXX_FEATURE:1cxx_relaxed_constexpr
    Feature record: CXX_FEATURE:1cxx_return_type_deduction
    Feature record: CXX_FEATURE:1cxx_right_angle_brackets
    Feature record: CXX_FEATURE:1cxx_rvalue_references
    Feature record: CXX_FEATURE:1cxx_sizeof_member
    Feature record: CXX_FEATURE:1cxx_static_assert
    Feature record: CXX_FEATURE:1cxx_strong_enums
    Feature record: CXX_FEATURE:1cxx_template_template_parameters
    Feature record: CXX_FEATURE:1cxx_thread_local
    Feature record: CXX_FEATURE:1cxx_trailing_return_types
    Feature record: CXX_FEATURE:1cxx_unicode_literals
    Feature record: CXX_FEATURE:1cxx_uniform_initialization
    Feature record: CXX_FEATURE:1cxx_unrestricted_unions
    Feature record: CXX_FEATURE:1cxx_user_literals
    Feature record: CXX_FEATURE:1cxx_variable_templates
    Feature record: CXX_FEATURE:1cxx_variadic_macros
    Feature record: CXX_FEATURE:1cxx_variadic_templates


Detecting CXX [-std=c++11] compiler features compiled with the following output:
Change Dir: /home/hatf0/dev/rewritegamescripts/build/CMakeFiles/CMakeTmp

Run Build Command:"/usr/bin/make" "cmTC_c55d0/fast"
/usr/bin/make -f CMakeFiles/cmTC_c55d0.dir/build.make CMakeFiles/cmTC_c55d0.dir/build
make[1]: Entering directory '/home/hatf0/dev/rewritegamescripts/build/CMakeFiles/CMakeTmp'
Building CXX object CMakeFiles/cmTC_c55d0.dir/feature_tests.cxx.obj
/usr/bin/i686-w64-mingw32-g++    -std=c++11 -o CMakeFiles/cmTC_c55d0.dir/feature_tests.cxx.obj -c /home/hatf0/dev/rewritegamescripts/build/CMakeFiles/feature_tests.cxx
Linking CXX executable cmTC_c55d0.exe
/usr/bin/cmake -E cmake_link_script CMakeFiles/cmTC_c55d0.dir/link.txt --verbose=1
/usr/bin/cmake -E remove -f CMakeFiles/cmTC_c55d0.dir/objects.a
/usr/bin/i686-w64-mingw32-ar cr CMakeFiles/cmTC_c55d0.dir/objects.a @CMakeFiles/cmTC_c55d0.dir/objects1.rsp
/usr/bin/i686-w64-mingw32-g++      -Wl,--whole-archive CMakeFiles/cmTC_c55d0.dir/objects.a -Wl,--no-whole-archive  -o cmTC_c55d0.exe -Wl,--out-implib,libcmTC_c55d0.dll.a -Wl,--major-image-version,0,--minor-image-version,0 @CMakeFiles/cmTC_c55d0.dir/linklibs.rsp
make[1]: Leaving directory '/home/hatf0/dev/rewritegamescripts/build/CMakeFiles/CMakeTmp'


    Feature record: CXX_FEATURE:0cxx_aggregate_default_initializers
    Feature record: CXX_FEATURE:1cxx_alias_templates
    Feature record: CXX_FEATURE:1cxx_alignas
    Feature record: CXX_FEATURE:1cxx_alignof
    Feature record: CXX_FEATURE:1cxx_attributes
    Feature record: CXX_FEATURE:0cxx_attribute_deprecated
    Feature record: CXX_FEATURE:1cxx_auto_type
    Feature record: CXX_FEATURE:0cxx_binary_literals
    Feature record: CXX_FEATURE:1cxx_constexpr
    Feature record: CXX_FEATURE:0cxx_contextual_conversions
    Feature record: CXX_FEATURE:1cxx_decltype
    Feature record: CXX_FEATURE:0cxx_decltype_auto
    Feature record: CXX_FEATURE:1cxx_decltype_incomplete_return_types
    Feature record: CXX_FEATURE:1cxx_default_function_template_args
    Feature record: CXX_FEATURE:1cxx_defaulted_functions
    Feature record: CXX_FEATURE:1cxx_defaulted_move_initializers
    Feature record: CXX_FEATURE:1cxx_delegating_constructors
    Feature record: CXX_FEATURE:1cxx_deleted_functions
    Feature record: CXX_FEATURE:0cxx_digit_separators
    Feature record: CXX_FEATURE:1cxx_enum_forward_declarations
    Feature record: CXX_FEATURE:1cxx_explicit_conversions
    Feature record: CXX_FEATURE:1cxx_extended_friend_declarations
    Feature record: CXX_FEATURE:1cxx_extern_templates
    Feature record: CXX_FEATURE:1cxx_final
    Feature record: CXX_FEATURE:1cxx_func_identifier
    Feature record: CXX_FEATURE:1cxx_generalized_initializers
    Feature record: CXX_FEATURE:0cxx_generic_lambdas
    Feature record: CXX_FEATURE:1cxx_inheriting_constructors
    Feature record: CXX_FEATURE:1cxx_inline_namespaces
    Feature record: CXX_FEATURE:1cxx_lambdas
    Feature record: CXX_FEATURE:0cxx_lambda_init_captures
    Feature record: CXX_FEATURE:1cxx_local_type_template_args
    Feature record: CXX_FEATURE:1cxx_long_long_type
    Feature record: CXX_FEATURE:1cxx_noexcept
    Feature record: CXX_FEATURE:1cxx_nonstatic_member_init
    Feature record: CXX_FEATURE:1cxx_nullptr
    Feature record: CXX_FEATURE:1cxx_override
    Feature record: CXX_FEATURE:1cxx_range_for
    Feature record: CXX_FEATURE:1cxx_raw_string_literals
    Feature record: CXX_FEATURE:1cxx_reference_qualified_functions
    Feature record: CXX_FEATURE:0cxx_relaxed_constexpr
    Feature record: CXX_FEATURE:0cxx_return_type_deduction
    Feature record: CXX_FEATURE:1cxx_right_angle_brackets
    Feature record: CXX_FEATURE:1cxx_rvalue_references
    Feature record: CXX_FEATURE:1cxx_sizeof_member
    Feature record: CXX_FEATURE:1cxx_static_assert
    Feature record: CXX_FEATURE:1cxx_strong_enums
    Feature record: CXX_FEATURE:1cxx_template_template_parameters
    Feature record: CXX_FEATURE:1cxx_thread_local
    Feature record: CXX_FEATURE:1cxx_trailing_return_types
    Feature record: CXX_FEATURE:1cxx_unicode_literals
    Feature record: CXX_FEATURE:1cxx_uniform_initialization
    Feature record: CXX_FEATURE:1cxx_unrestricted_unions
    Feature record: CXX_FEATURE:1cxx_user_literals
    Feature record: CXX_FEATURE:0cxx_variable_templates
    Feature record: CXX_FEATURE:1cxx_variadic_macros
    Feature record: CXX_FEATURE:1cxx_variadic_templates


Detecting CXX [-std=c++98] compiler features compiled with the following output:
Change Dir: /home/hatf0/dev/rewritegamescripts/build/CMakeFiles/CMakeTmp

Run Build Command:"/usr/bin/make" "cmTC_13fa1/fast"
/usr/bin/make -f CMakeFiles/cmTC_13fa1.dir/build.make CMakeFiles/cmTC_13fa1.dir/build
make[1]: Entering directory '/home/hatf0/dev/rewritegamescripts/build/CMakeFiles/CMakeTmp'
Building CXX object CMakeFiles/cmTC_13fa1.dir/feature_tests.cxx.obj
/usr/bin/i686-w64-mingw32-g++    -std=c++98 -o CMakeFiles/cmTC_13fa1.dir/feature_tests.cxx.obj -c /home/hatf0/dev/rewritegamescripts/build/CMakeFiles/feature_tests.cxx
Linking CXX executable cmTC_13fa1.exe
/usr/bin/cmake -E cmake_link_script CMakeFiles/cmTC_13fa1.dir/link.txt --verbose=1
/usr/bin/cmake -E remove -f CMakeFiles/cmTC_13fa1.dir/objects.a
/usr/bin/i686-w64-mingw32-ar cr CMakeFiles/cmTC_13fa1.dir/objects.a @CMakeFiles/cmTC_13fa1.dir/objects1.rsp
/usr/bin/i686-w64-mingw32-g++      -Wl,--whole-archive CMakeFiles/cmTC_13fa1.dir/objects.a -Wl,--no-whole-archive  -o cmTC_13fa1.exe -Wl,--out-implib,libcmTC_13fa1.dll.a -Wl,--major-image-version,0,--minor-image-version,0 @CMakeFiles/cmTC_13fa1.dir/linklibs.rsp
make[1]: Leaving directory '/home/hatf0/dev/rewritegamescripts/build/CMakeFiles/CMakeTmp'


    Feature record: CXX_FEATURE:0cxx_aggregate_default_initializers
    Feature record: CXX_FEATURE:0cxx_alias_templates
    Feature record: CXX_FEATURE:0cxx_alignas
    Feature record: CXX_FEATURE:0cxx_alignof
    Feature record: CXX_FEATURE:0cxx_attributes
    Feature record: CXX_FEATURE:0cxx_attribute_deprecated
    Feature record: CXX_FEATURE:0cxx_auto_type
    Feature record: CXX_FEATURE:0cxx_binary_literals
    Feature record: CXX_FEATURE:0cxx_constexpr
    Feature record: CXX_FEATURE:0cxx_contextual_conversions
    Feature record: CXX_FEATURE:0cxx_decltype
    Feature record: CXX_FEATURE:0cxx_decltype_auto
    Feature record: CXX_FEATURE:0cxx_decltype_incomplete_return_types
    Feature record: CXX_FEATURE:0cxx_default_function_template_args
    Feature record: CXX_FEATURE:0cxx_defaulted_functions
    Feature record: CXX_FEATURE:0cxx_defaulted_move_initializers
    Feature record: CXX_FEATURE:0cxx_delegating_constructors
    Feature record: CXX_FEATURE:0cxx_deleted_functions
    Feature record: CXX_FEATURE:0cxx_digit_separators
    Feature record: CXX_FEATURE:0cxx_enum_forward_declarations
    Feature record: CXX_FEATURE:0cxx_explicit_conversions
    Feature record: CXX_FEATURE:0cxx_extended_friend_declarations
    Feature record: CXX_FEATURE:0cxx_extern_templates
    Feature record: CXX_FEATURE:0cxx_final
    Feature record: CXX_FEATURE:0cxx_func_identifier
    Feature record: CXX_FEATURE:0cxx_generalized_initializers
    Feature record: CXX_FEATURE:0cxx_generic_lambdas
    Feature record: CXX_FEATURE:0cxx_inheriting_constructors
    Feature record: CXX_FEATURE:0cxx_inline_namespaces
    Feature record: CXX_FEATURE:0cxx_lambdas
    Feature record: CXX_FEATURE:0cxx_lambda_init_captures
    Feature record: CXX_FEATURE:0cxx_local_type_template_args
    Feature record: CXX_FEATURE:0cxx_long_long_type
    Feature record: CXX_FEATURE:0cxx_noexcept
    Feature record: CXX_FEATURE:0cxx_nonstatic_member_init
    Feature record: CXX_FEATURE:0cxx_nullptr
    Feature record: CXX_FEATURE:0cxx_override
    Feature record: CXX_FEATURE:0cxx_range_for
    Feature record: CXX_FEATURE:0cxx_raw_string_literals
    Feature record: CXX_FEATURE:0cxx_reference_qualified_functions
    Feature record: CXX_FEATURE:0cxx_relaxed_constexpr
    Feature record: CXX_FEATURE:0cxx_return_type_deduction
    Feature record: CXX_FEATURE:0cxx_right_angle_brackets
    Feature record: CXX_FEATURE:0cxx_rvalue_references
    Feature record: CXX_FEATURE:0cxx_sizeof_member
    Feature record: CXX_FEATURE:0cxx_static_assert
    Feature record: CXX_FEATURE:0cxx_strong_enums
    Feature record: CXX_FEATURE:1cxx_template_template_parameters
    Feature record: CXX_FEATURE:0cxx_thread_local
    Feature record: CXX_FEATURE:0cxx_trailing_return_types
    Feature record: CXX_FEATURE:0cxx_unicode_literals
    Feature record: CXX_FEATURE:0cxx_uniform_initialization
    Feature record: CXX_FEATURE:0cxx_unrestricted_unions
    Feature record: CXX_FEATURE:0cxx_user_literals
    Feature record: CXX_FEATURE:0cxx_variable_templates
    Feature record: CXX_FEATURE:0cxx_variadic_macros
    Feature record: CXX_FEATURE:0cxx_variadic_templates
